2023-10-06T15:40:17.354+02:00  INFO 20988 --- [restartedMain] c.shopme.admin.ShopmeBackEndApplication  : Starting ShopmeBackEndApplication using Java 20 with PID 20988 (C:\Users\anton\Downloads\ShopmeProject\ShopmeProject\ShopmeWebParent\ShopmeBackEnd\target\classes started by anton in C:\Users\anton\Downloads\ShopmeProject\ShopmeWebParent\ShopmeBackEnd)
2023-10-06T15:40:17.359+02:00  INFO 20988 --- [restartedMain] c.shopme.admin.ShopmeBackEndApplication  : No active profile set, falling back to 1 default profile: "default"
2023-10-06T15:40:17.474+02:00  INFO 20988 --- [restartedMain] .e.DevToolsPropertyDefaultsPostProcessor : Devtools property defaults active! Set 'spring.devtools.add-properties' to 'false' to disable
2023-10-06T15:40:17.483+02:00  INFO 20988 --- [restartedMain] .e.DevToolsPropertyDefaultsPostProcessor : For additional web related logging consider setting the 'logging.level.web' property to 'DEBUG'
2023-10-06T15:40:18.888+02:00  INFO 20988 --- [restartedMain] .s.d.r.c.RepositoryConfigurationDelegate : Bootstrapping Spring Data JPA repositories in DEFAULT mode.
2023-10-06T15:40:19.027+02:00  INFO 20988 --- [restartedMain] .s.d.r.c.RepositoryConfigurationDelegate : Finished Spring Data repository scanning in 118 ms. Found 2 JPA repository interfaces.
2023-10-06T15:40:20.645+02:00  INFO 20988 --- [restartedMain] o.s.b.w.embedded.tomcat.TomcatWebServer  : Tomcat initialized with port(s): 8080 (http)
2023-10-06T15:40:20.672+02:00  INFO 20988 --- [restartedMain] o.apache.catalina.core.StandardService   : Starting service [Tomcat]
2023-10-06T15:40:20.673+02:00  INFO 20988 --- [restartedMain] o.apache.catalina.core.StandardEngine    : Starting Servlet engine: [Apache Tomcat/10.1.12]
2023-10-06T15:40:20.874+02:00  INFO 20988 --- [restartedMain] o.a.c.c.C.[.[localhost].[/ShopmeAdmin]   : Initializing Spring embedded WebApplicationContext
2023-10-06T15:40:20.875+02:00  INFO 20988 --- [restartedMain] w.s.c.ServletWebServerApplicationContext : Root WebApplicationContext: initialization completed in 3390 ms
2023-10-06T15:40:21.384+02:00  INFO 20988 --- [restartedMain] o.hibernate.jpa.internal.util.LogHelper  : HHH000204: Processing PersistenceUnitInfo [name: default]
2023-10-06T15:40:21.556+02:00  INFO 20988 --- [restartedMain] org.hibernate.Version                    : HHH000412: Hibernate ORM core version 6.2.7.Final
2023-10-06T15:40:21.561+02:00  INFO 20988 --- [restartedMain] org.hibernate.cfg.Environment            : HHH000406: Using bytecode reflection optimizer
2023-10-06T15:40:21.842+02:00  INFO 20988 --- [restartedMain] o.h.b.i.BytecodeProviderInitiator        : HHH000021: Bytecode provider name : bytebuddy
2023-10-06T15:40:22.120+02:00  INFO 20988 --- [restartedMain] o.s.o.j.p.SpringPersistenceUnitInfo      : No LoadTimeWeaver setup: ignoring JPA class transformer
2023-10-06T15:40:22.165+02:00  INFO 20988 --- [restartedMain] com.zaxxer.hikari.HikariDataSource       : HikariPool-1 - Starting...
2023-10-06T15:40:22.806+02:00  INFO 20988 --- [restartedMain] com.zaxxer.hikari.pool.HikariPool        : HikariPool-1 - Added connection com.mysql.cj.jdbc.ConnectionImpl@69791d
2023-10-06T15:40:22.812+02:00  INFO 20988 --- [restartedMain] com.zaxxer.hikari.HikariDataSource       : HikariPool-1 - Start completed.
2023-10-06T15:40:22.913+02:00  WARN 20988 --- [restartedMain] org.hibernate.orm.deprecation            : HHH90000026: MySQL8Dialect has been deprecated; use org.hibernate.dialect.MySQLDialect instead
2023-10-06T15:40:23.539+02:00  INFO 20988 --- [restartedMain] o.h.b.i.BytecodeProviderInitiator        : HHH000021: Bytecode provider name : bytebuddy
2023-10-06T15:40:24.779+02:00  INFO 20988 --- [restartedMain] o.h.e.t.j.p.i.JtaPlatformInitiator       : HHH000490: Using JtaPlatform implementation: [org.hibernate.engine.transaction.jta.platform.internal.NoJtaPlatform]
2023-10-06T15:40:24.922+02:00  INFO 20988 --- [restartedMain] j.LocalContainerEntityManagerFactoryBean : Initialized JPA EntityManagerFactory for persistence unit 'default'
2023-10-06T15:40:25.456+02:00  INFO 20988 --- [restartedMain] o.s.d.j.r.query.QueryEnhancerFactory     : Hibernate is in classpath; If applicable, HQL parser will be used.
2023-10-06T15:40:27.174+02:00  WARN 20988 --- [restartedMain] JpaBaseConfiguration$JpaWebConfiguration : spring.jpa.open-in-view is enabled by default. Therefore, database queries may be performed during view rendering. Explicitly configure spring.jpa.open-in-view to disable this warning
2023-10-06T15:40:27.816+02:00  INFO 20988 --- [restartedMain] o.s.b.a.w.s.WelcomePageHandlerMapping    : Adding welcome page template: index
2023-10-06T15:40:29.576+02:00  INFO 20988 --- [restartedMain] o.s.s.web.DefaultSecurityFilterChain     : Will secure any request with [org.springframework.security.web.session.DisableEncodeUrlFilter@4769bd68, org.springframework.security.web.context.request.async.WebAsyncManagerIntegrationFilter@a589b43, org.springframework.security.web.context.SecurityContextHolderFilter@2ba6dac3, org.springframework.security.web.header.HeaderWriterFilter@6874c20f, org.springframework.security.web.csrf.CsrfFilter@77f70d6b, org.springframework.security.web.authentication.logout.LogoutFilter@3123e056, org.springframework.security.web.authentication.UsernamePasswordAuthenticationFilter@58d73520, org.springframework.security.web.savedrequest.RequestCacheAwareFilter@36a0a2c, org.springframework.security.web.servletapi.SecurityContextHolderAwareRequestFilter@cc551e7, org.springframework.security.web.authentication.rememberme.RememberMeAuthenticationFilter@6ff7285c, org.springframework.security.web.authentication.AnonymousAuthenticationFilter@5cbbf79c, org.springframework.security.web.access.ExceptionTranslationFilter@62789bd4, org.springframework.security.web.access.intercept.AuthorizationFilter@2e5054ac]
2023-10-06T15:40:29.591+02:00  WARN 20988 --- [restartedMain] o.s.s.c.a.web.builders.WebSecurity       : You are asking Spring Security to ignore Mvc [pattern='/images/**']. This is not recommended -- please use permitAll via HttpSecurity#authorizeHttpRequests instead.
2023-10-06T15:40:29.592+02:00  INFO 20988 --- [restartedMain] o.s.s.web.DefaultSecurityFilterChain     : Will not secure Mvc [pattern='/images/**']
2023-10-06T15:40:29.594+02:00  WARN 20988 --- [restartedMain] o.s.s.c.a.web.builders.WebSecurity       : You are asking Spring Security to ignore Mvc [pattern='/js/**']. This is not recommended -- please use permitAll via HttpSecurity#authorizeHttpRequests instead.
2023-10-06T15:40:29.594+02:00  INFO 20988 --- [restartedMain] o.s.s.web.DefaultSecurityFilterChain     : Will not secure Mvc [pattern='/js/**']
2023-10-06T15:40:29.594+02:00  WARN 20988 --- [restartedMain] o.s.s.c.a.web.builders.WebSecurity       : You are asking Spring Security to ignore Mvc [pattern='/webjars/**']. This is not recommended -- please use permitAll via HttpSecurity#authorizeHttpRequests instead.
2023-10-06T15:40:29.594+02:00  INFO 20988 --- [restartedMain] o.s.s.web.DefaultSecurityFilterChain     : Will not secure Mvc [pattern='/webjars/**']
2023-10-06T15:40:30.465+02:00  INFO 20988 --- [restartedMain] o.s.b.d.a.OptionalLiveReloadServer       : LiveReload server is running on port 35729
2023-10-06T15:40:30.555+02:00  INFO 20988 --- [restartedMain] o.s.b.w.embedded.tomcat.TomcatWebServer  : Tomcat started on port(s): 8080 (http) with context path '/ShopmeAdmin'
2023-10-06T15:40:30.578+02:00  INFO 20988 --- [restartedMain] c.shopme.admin.ShopmeBackEndApplication  : Started ShopmeBackEndApplication in 14.12 seconds (process running for 15.287)
2023-10-06T15:41:46.227+02:00  INFO 20988 --- [SpringApplicationShutdownHook] j.LocalContainerEntityManagerFactoryBean : Closing JPA EntityManagerFactory for persistence unit 'default'
2023-10-06T15:41:46.233+02:00  INFO 20988 --- [SpringApplicationShutdownHook] com.zaxxer.hikari.HikariDataSource       : HikariPool-1 - Shutdown initiated...
2023-10-06T15:41:46.249+02:00  INFO 20988 --- [SpringApplicationShutdownHook] com.zaxxer.hikari.HikariDataSource       : HikariPool-1 - Shutdown completed.
